#
# There is insufficient memory for the Java Runtime Environment to continue.
# Native memory allocation (mmap) failed to map 134217728 bytes for Failed to commit area from 0x0000000081a00000 to 0x0000000089a00000 of length 134217728.
# Possible reasons:
#   The system is out of physical RAM or swap space
#   The process is running with CompressedOops enabled, and the Java Heap may be blocking the growth of the native heap
# Possible solutions:
#   Reduce memory load on the system
#   Increase physical memory or swap space
#   Check if swap backing store is full
#   Decrease Java heap size (-Xmx/-Xms)
#   Decrease number of Java threads
#   Decrease Java thread stack sizes (-Xss)
#   Set larger code cache with -XX:ReservedCodeCacheSize=
# This output file may be truncated or incomplete.
#
#  Out of Memory Error (c:/BuildAgent/work/dd4f663211fab7c/src/hotspot/os/windows/os_windows.cpp:3272), pid=12964, tid=7600
#
# JRE version:  (11.0.2+9) (build )
# Java VM: OpenJDK 64-Bit Server VM (11.0.2+9-b159.34, mixed mode, aot, sharing, tiered, compressed oops, g1 gc, windows-amd64)
# No core dump will be written. Minidumps are not enabled by default on client versions of Windows
#

---------------  S U M M A R Y ------------

Command Line: org.jetbrains.git4idea.http.GitAskPassApp Password for 'https://sirimykland@bitbucket.org': 

Host: Intel(R) Core(TM) i5-6200U CPU @ 2.30GHz, 4 cores, 7G,  Windows 10 , 64 bit Build 17134 (10.0.17134.753)
Time: Tue Sep 10 14:04:57 2019 Vest-Europa (sommertid) elapsed time: 0 seconds (0d 0h 0m 0s)

---------------  T H R E A D  ---------------

Current thread (0x0000022e2c869000):  JavaThread "Unknown thread" [_thread_in_vm, id=7600, stack(0x0000007a3c000000,0x0000007a3c100000)]

Stack: [0x0000007a3c000000,0x0000007a3c100000]
Native frames: (J=compiled Java code, j=interpreted, Vv=VM code, C=native code)
V  [jvm.dll+0x5da82a]
V  [jvm.dll+0x70b6c9]
V  [jvm.dll+0x70cbe8]
V  [jvm.dll+0x70d2b3]
V  [jvm.dll+0x240f18]
V  [jvm.dll+0x5d7fc4]
V  [jvm.dll+0x5cd115]
V  [jvm.dll+0x2fa5eb]
V  [jvm.dll+0x2fa55a]
V  [jvm.dll+0x2fa432]
V  [jvm.dll+0x2ff316]
V  [jvm.dll+0x347993]
V  [jvm.dll+0x348096]
V  [jvm.dll+0x347a93]
V  [jvm.dll+0x2d5588]
V  [jvm.dll+0x2d66c7]
V  [jvm.dll+0x6eaac7]
V  [jvm.dll+0x6ec22c]
V  [jvm.dll+0x3551c9]
V  [jvm.dll+0x6d274e]
V  [jvm.dll+0x3bd953]
V  [jvm.dll+0x3bfcc1]
C  [java.exe+0x3763]
C  [java.exe+0x17a0c]
C  [KERNEL32.DLL+0x14034]
C  [ntdll.dll+0x73691]


---------------  P R O C E S S  ---------------

Threads class SMR info:
_java_thread_list=0x0000022e2a699130, length=0, elements={
}

Java Threads: ( => current thread )

Other Threads:
  0x0000022e2c881800 GCTaskThread "GC Thread#0" [stack: 0x0000007a3c100000,0x0000007a3c200000] [id=15968]
  0x0000022e2c8b0800 ConcurrentGCThread "G1 Main Marker" [stack: 0x0000007a3c200000,0x0000007a3c300000] [id=2536]
  0x0000022e2c8b1800 ConcurrentGCThread "G1 Conc#0" [stack: 0x0000007a3c300000,0x0000007a3c400000] [id=16248]

[error occurred during error reporting (printing all threads), id 0xc0000005, EXCEPTION_ACCESS_VIOLATION (0xc0000005) at pc=0x00007ff9db505687]

VM state:not at safepoint (not fully initialized)

VM Mutex/Monitor currently owned by a thread:  ([mutex/lock_event])
[0x0000022e2c865d30] Heap_lock - owner thread: 0x0000022e2c869000

Heap address: 0x0000000081a00000, size: 2022 MB, Compressed Oops mode: Non-zero based: 0x0000000081a00000
Narrow klass base: 0x0000000000000000, Narrow klass shift: 0

GC Heap History (0 events):
No events

Deoptimization events (0 events):
No events

Classes redefined (0 events):
No events

Internal exceptions (0 events):
No events

Events (0 events):
No events


Dynamic libraries:
0x00007ff6be680000 - 0x00007ff6be6c7000 	C:\Program Files\JetBrains\PyCharm Community Edition 2019.1.1\jre64\bin\java.exe
0x00007ffa0d730000 - 0x00007ffa0d911000 	C:\WINDOWS\SYSTEM32\ntdll.dll
0x00007ff9e7370000 - 0x00007ff9e7382000 	C:\Program Files\AVG\Antivirus\aswhook.dll
0x00007ffa0cd90000 - 0x00007ffa0ce41000 	C:\WINDOWS\System32\KERNEL32.DLL
0x00007ffa0a640000 - 0x00007ffa0a8b3000 	C:\WINDOWS\System32\KERNELBASE.dll
0x00007ffa0c8e0000 - 0x00007ffa0ca70000 	C:\WINDOWS\System32\USER32.dll
0x00007ffa0aba0000 - 0x00007ffa0abc0000 	C:\WINDOWS\System32\win32u.dll
0x00007ffa0c8b0000 - 0x00007ffa0c8d8000 	C:\WINDOWS\System32\GDI32.dll
0x00007ffa0a210000 - 0x00007ffa0a3a1000 	C:\WINDOWS\System32\gdi32full.dll
0x00007ffa0ab00000 - 0x00007ffa0ab9f000 	C:\WINDOWS\System32\msvcp_win.dll
0x00007ffa0a4e0000 - 0x00007ffa0a5d8000 	C:\WINDOWS\System32\ucrtbase.dll
0x00007ff9fa9c0000 - 0x00007ff9fac29000 	C:\WINDOWS\WinSxS\amd64_microsoft.windows.common-controls_6595b64144ccf1df_6.0.17134.950_none_fb3da4273069d3e0\COMCTL32.dll
0x00007ffa0cb50000 - 0x00007ffa0cbee000 	C:\WINDOWS\System32\msvcrt.dll
0x00007ffa0b000000 - 0x00007ffa0b322000 	C:\WINDOWS\System32\combase.dll
0x00007ffa0c770000 - 0x00007ffa0c894000 	C:\WINDOWS\System32\RPCRT4.dll
0x00007ffa0a3b0000 - 0x00007ffa0a429000 	C:\WINDOWS\System32\bcryptPrimitives.dll
0x00007ffa0ca70000 - 0x00007ffa0ca9d000 	C:\WINDOWS\System32\IMM32.DLL
0x00007ffa03f10000 - 0x00007ffa03f27000 	C:\Program Files\JetBrains\PyCharm Community Edition 2019.1.1\jre64\bin\vcruntime140.dll
0x00007ff9ebba0000 - 0x00007ff9ebc3d000 	C:\Program Files\JetBrains\PyCharm Community Edition 2019.1.1\jre64\bin\msvcp140.dll
0x00007ff9db220000 - 0x00007ff9dbcd6000 	C:\Program Files\JetBrains\PyCharm Community Edition 2019.1.1\jre64\bin\server\jvm.dll
0x00007ffa0caa0000 - 0x00007ffa0cb41000 	C:\WINDOWS\System32\ADVAPI32.dll
0x00007ffa0d5a0000 - 0x00007ffa0d5fb000 	C:\WINDOWS\System32\sechost.dll
0x00007ffa0d6f0000 - 0x00007ffa0d6f8000 	C:\WINDOWS\System32\PSAPI.DLL
0x00007ffa088e0000 - 0x00007ffa088e9000 	C:\WINDOWS\SYSTEM32\WSOCK32.dll
0x00007ffa0cbf0000 - 0x00007ffa0cc5c000 	C:\WINDOWS\System32\WS2_32.dll
0x00007ffa050a0000 - 0x00007ffa050c3000 	C:\WINDOWS\SYSTEM32\WINMM.dll
0x00007ffa019a0000 - 0x00007ffa019aa000 	C:\WINDOWS\SYSTEM32\VERSION.dll
0x00007ffa05010000 - 0x00007ffa0503a000 	C:\WINDOWS\SYSTEM32\WINMMBASE.dll
0x00007ffa0aab0000 - 0x00007ffa0aaf9000 	C:\WINDOWS\System32\cfgmgr32.dll
0x00007ffa09a90000 - 0x00007ffa09aa1000 	C:\WINDOWS\System32\kernel.appcore.dll
0x00007ff9feee0000 - 0x00007ff9feef1000 	C:\Program Files\JetBrains\PyCharm Community Edition 2019.1.1\jre64\bin\verify.dll
0x00007ffa08460000 - 0x00007ffa08629000 	C:\WINDOWS\SYSTEM32\DBGHELP.DLL
0x00007ff9ff0b0000 - 0x00007ff9ff0d9000 	C:\WINDOWS\SYSTEM32\dbgcore.DLL
0x00007ff9fee90000 - 0x00007ff9feeb9000 	C:\Program Files\JetBrains\PyCharm Community Edition 2019.1.1\jre64\bin\java.dll
0x00007ff9fdef0000 - 0x00007ff9fdf07000 	C:\Program Files\JetBrains\PyCharm Community Edition 2019.1.1\jre64\bin\zip.dll
0x00007ffa04fb0000 - 0x00007ffa04fbb000 	C:\Program Files\JetBrains\PyCharm Community Edition 2019.1.1\jre64\bin\jimage.dll

dbghelp: loaded successfully - version: 4.0.5 - missing functions: none
symbol engine: initialized successfully - sym options: 0x614 - pdb path: .;C:\Program Files\JetBrains\PyCharm Community Edition 2019.1.1\jre64\bin;C:\WINDOWS\SYSTEM32;C:\Program Files\AVG\Antivirus;C:\WINDOWS\WinSxS\amd64_microsoft.windows.common-controls_6595b64144ccf1df_6.0.17134.950_none_fb3da4273069d3e0;C:\Program Files\JetBrains\PyCharm Community Edition 2019.1.1\jre64\bin\server

VM Arguments:
java_command: org.jetbrains.git4idea.http.GitAskPassApp Password for 'https://sirimykland@bitbucket.org': 
java_class_path (initial): C:/Program Files/JetBrains/PyCharm Community Edition 2019.1.1/plugins/git4idea/lib/git4idea-rt.jar;C:/Program Files/JetBrains/PyCharm Community Edition 2019.1.1/lib/xmlrpc-2.0.1.jar;C:/Program Files/JetBrains/PyCharm Community Edition 2019.1.1/lib/commons-codec-1.10.jar;C:/Program Files/JetBrains/PyCharm Community Edition 2019.1.1/lib/util.jar
Launcher Type: SUN_STANDARD

[Global flags]
     intx CICompilerCount                          = 3                                         {product} {ergonomic}
     uint ConcGCThreads                            = 1                                         {product} {ergonomic}
     uint G1ConcRefinementThreads                  = 4                                         {product} {ergonomic}
   size_t G1HeapRegionSize                         = 1048576                                   {product} {ergonomic}
    uintx GCDrainStackTargetSize                   = 64                                        {product} {ergonomic}
   size_t InitialHeapSize                          = 134217728                                 {product} {ergonomic}
   size_t MarkStackSize                            = 4194304                                   {product} {ergonomic}
   size_t MaxHeapSize                              = 2120220672                                {product} {ergonomic}
   size_t MinHeapDeltaBytes                        = 1048576                                   {product} {ergonomic}
    uintx NonNMethodCodeHeapSize                   = 5830092                                {pd product} {ergonomic}
    uintx NonProfiledCodeHeapSize                  = 122914074                              {pd product} {ergonomic}
    uintx ProfiledCodeHeapSize                     = 122914074                              {pd product} {ergonomic}
    uintx ReservedCodeCacheSize                    = 251658240                              {pd product} {ergonomic}
     bool SegmentedCodeCache                       = true                                      {product} {ergonomic}
     bool UseCompressedClassPointers               = true                                 {lp64_product} {ergonomic}
     bool UseCompressedOops                        = true                                 {lp64_product} {ergonomic}
     bool UseG1GC                                  = true                                      {product} {ergonomic}
     bool UseLargePagesIndividualAllocation        = false                                  {pd product} {ergonomic}

Logging:
Log output configuration:
 #0: stdout all=warning uptime,level,tags
 #1: stderr all=off uptime,level,tags

Environment Variables:
JAVA_HOME=C:\Program Files (x86)\Java\jdk1.8.0_211
PATH=C:/Program Files/Git/mingw64/libexec/git-core;C:/Program Files/Git/mingw64/libexec/git-core;C:\Program Files\Git\mingw64\bin;C:\Program Files\Git\usr\bin;C:\Users\sirim\bin;C:\Program Files (x86)\Intel\iCLS Client\;C:\Program Files\Intel\iCLS Client\;C:\WINDOWS\system32;C:\WINDOWS;C:\WINDOWS\System32\Wbem;C:\WINDOWS\System32\WindowsPowerShell\v1.0\;C:\Program Files (x86)\Intel\Intel(R) Management Engine Components\DAL;C:\Program Files\Intel\Intel(R) Management Engine Components\DAL;C:\Program Files (x86)\Intel\Intel(R) Management Engine Components\IPT;C:\Program Files\Intel\Intel(R) Management Engine Components\IPT;C:\WINDOWS\System32\OpenSSH\;C:\Program Files (x86)\GtkSharp\2.12\bin;C:\Program Files\nodejs\;C:\Users\sirim\AppData\Local\Programs\Python\Python37\Scripts;C:\Program Files\Intel\WiFi\bin\;C:\Program Files\Common Files\Intel\WirelessCommon\;C:\Program Files\Git\cmd;C:\Program Files\MySQL\MySQL Shell 8.0\bin\;C:\Users\sirim\AppData\Local\GitHubDesktop\bin;C:\Users\sirim\AppData\Local\Programs\Microsoft VS Code\bin;C:\Program Files\heroku\bin;C:\test\apache-maven-3.6.1\bin;C:\Users\sirim\AppData\Local\atom\bin
USERNAME=sirim
DISPLAY=:0.0
OS=Windows_NT
PROCESSOR_IDENTIFIER=Intel64 Family 6 Model 78 Stepping 3, GenuineIntel



---------------  S Y S T E M  ---------------

OS: Windows 10 , 64 bit Build 17134 (10.0.17134.753)

CPU:total 4 (initial active 4) (2 cores per cpu, 2 threads per core) family 6 model 78 stepping 3, cmov, cx8, fxsr, mmx, sse, sse2, sse3, ssse3, sse4.1, sse4.2, popcnt, avx, avx2, aes, clmul, erms, 3dnowpref, lzcnt, ht, tsc, tscinvbit, bmi1, bmi2, adx, fma

Memory: 4k page, system-wide physical 8081M (1031M free)
TotalPageFile size 8081M (AvailPageFile size 83M)
current process WorkingSet (physical memory assigned to process): 9M, peak: 9M
current process commit charge ("private bytes"): 51M, peak: 179M

vm_info: OpenJDK 64-Bit Server VM (11.0.2+9-b159.34) for windows-amd64 JRE (11.0.2+9-b159.34), built on Mar 26 2019 11:55:29 by "" with MS VC++ 14.0 (VS2015)

END.
